{"C:\\Users\\Mina\\Desktop\\Aubrey\\Missions\\TurnersRestfulAPI\\build\\functions\\carFunctions.js": {"path":"C:\\Users\\Mina\\Desktop\\Aubrey\\Missions\\TurnersRestfulAPI\\build\\functions\\carFunctions.js","statementMap":{"0":{"start":{"line":2,"column":0},"end":{"line":2,"column":62}},"1":{"start":{"line":3,"column":0},"end":{"line":3,"column":94}},"2":{"start":{"line":4,"column":19},"end":{"line":13,"column":1}},"3":{"start":{"line":5,"column":4},"end":{"line":6,"column":32}},"4":{"start":{"line":6,"column":8},"end":{"line":6,"column":32}},"5":{"start":{"line":7,"column":4},"end":{"line":12,"column":5}},"6":{"start":{"line":8,"column":8},"end":{"line":8,"column":19}},"7":{"start":{"line":11,"column":8},"end":{"line":11,"column":93}},"8":{"start":{"line":14,"column":0},"end":{"line":14,"column":32}},"9":{"start":{"line":15,"column":18},"end":{"line":24,"column":1}},"10":{"start":{"line":16,"column":22},"end":{"line":16,"column":32}},"11":{"start":{"line":17,"column":4},"end":{"line":18,"column":31}},"12":{"start":{"line":18,"column":8},"end":{"line":18,"column":31}},"13":{"start":{"line":19,"column":4},"end":{"line":20,"column":84}},"14":{"start":{"line":20,"column":8},"end":{"line":20,"column":84}},"15":{"start":{"line":21,"column":4},"end":{"line":22,"column":41}},"16":{"start":{"line":22,"column":8},"end":{"line":22,"column":41}},"17":{"start":{"line":23,"column":4},"end":{"line":23,"column":15}},"18":{"start":{"line":25,"column":0},"end":{"line":25,"column":30}},"19":{"start":{"line":26,"column":21},"end":{"line":34,"column":1}},"20":{"start":{"line":27,"column":4},"end":{"line":27,"column":33}},"21":{"start":{"line":28,"column":17},"end":{"line":28,"column":18}},"22":{"start":{"line":29,"column":17},"end":{"line":29,"column":44}},"23":{"start":{"line":30,"column":4},"end":{"line":32,"column":7}},"24":{"start":{"line":31,"column":8},"end":{"line":31,"column":42}},"25":{"start":{"line":33,"column":4},"end":{"line":33,"column":24}},"26":{"start":{"line":35,"column":0},"end":{"line":35,"column":36}},"27":{"start":{"line":36,"column":21},"end":{"line":50,"column":1}},"28":{"start":{"line":37,"column":16},"end":{"line":37,"column":73}},"29":{"start":{"line":38,"column":15},"end":{"line":38,"column":43}},"30":{"start":{"line":39,"column":4},"end":{"line":41,"column":5}},"31":{"start":{"line":40,"column":8},"end":{"line":40,"column":79}},"32":{"start":{"line":42,"column":19},"end":{"line":42,"column":27}},"33":{"start":{"line":43,"column":4},"end":{"line":45,"column":5}},"34":{"start":{"line":44,"column":8},"end":{"line":44,"column":61}},"35":{"start":{"line":46,"column":4},"end":{"line":48,"column":5}},"36":{"start":{"line":47,"column":8},"end":{"line":47,"column":55}},"37":{"start":{"line":49,"column":4},"end":{"line":49,"column":18}},"38":{"start":{"line":51,"column":0},"end":{"line":51,"column":36}}},"fnMap":{"0":{"name":"(anonymous_0)","decl":{"start":{"line":4,"column":19},"end":{"line":4,"column":20}},"loc":{"start":{"line":4,"column":28},"end":{"line":13,"column":1}},"line":4},"1":{"name":"(anonymous_1)","decl":{"start":{"line":15,"column":18},"end":{"line":15,"column":19}},"loc":{"start":{"line":15,"column":27},"end":{"line":24,"column":1}},"line":15},"2":{"name":"(anonymous_2)","decl":{"start":{"line":26,"column":21},"end":{"line":26,"column":22}},"loc":{"start":{"line":26,"column":30},"end":{"line":34,"column":1}},"line":26},"3":{"name":"(anonymous_3)","decl":{"start":{"line":30,"column":13},"end":{"line":30,"column":14}},"loc":{"start":{"line":30,"column":23},"end":{"line":32,"column":5}},"line":30},"4":{"name":"(anonymous_4)","decl":{"start":{"line":36,"column":21},"end":{"line":36,"column":22}},"loc":{"start":{"line":36,"column":38},"end":{"line":50,"column":1}},"line":36}},"branchMap":{"0":{"loc":{"start":{"line":5,"column":4},"end":{"line":6,"column":32}},"type":"if","locations":[{"start":{"line":5,"column":4},"end":{"line":6,"column":32}},{"start":{},"end":{}}],"line":5},"1":{"loc":{"start":{"line":7,"column":4},"end":{"line":12,"column":5}},"type":"if","locations":[{"start":{"line":7,"column":4},"end":{"line":12,"column":5}},{"start":{"line":10,"column":9},"end":{"line":12,"column":5}}],"line":7},"2":{"loc":{"start":{"line":7,"column":8},"end":{"line":7,"column":58}},"type":"binary-expr","locations":[{"start":{"line":7,"column":8},"end":{"line":7,"column":31}},{"start":{"line":7,"column":35},"end":{"line":7,"column":58}}],"line":7},"3":{"loc":{"start":{"line":17,"column":4},"end":{"line":18,"column":31}},"type":"if","locations":[{"start":{"line":17,"column":4},"end":{"line":18,"column":31}},{"start":{},"end":{}}],"line":17},"4":{"loc":{"start":{"line":19,"column":4},"end":{"line":20,"column":84}},"type":"if","locations":[{"start":{"line":19,"column":4},"end":{"line":20,"column":84}},{"start":{},"end":{}}],"line":19},"5":{"loc":{"start":{"line":19,"column":8},"end":{"line":19,"column":53}},"type":"binary-expr","locations":[{"start":{"line":19,"column":8},"end":{"line":19,"column":18}},{"start":{"line":19,"column":22},"end":{"line":19,"column":53}}],"line":19},"6":{"loc":{"start":{"line":21,"column":4},"end":{"line":22,"column":41}},"type":"if","locations":[{"start":{"line":21,"column":4},"end":{"line":22,"column":41}},{"start":{},"end":{}}],"line":21},"7":{"loc":{"start":{"line":39,"column":4},"end":{"line":41,"column":5}},"type":"if","locations":[{"start":{"line":39,"column":4},"end":{"line":41,"column":5}},{"start":{},"end":{}}],"line":39},"8":{"loc":{"start":{"line":39,"column":8},"end":{"line":39,"column":57}},"type":"binary-expr","locations":[{"start":{"line":39,"column":8},"end":{"line":39,"column":31}},{"start":{"line":39,"column":35},"end":{"line":39,"column":57}}],"line":39},"9":{"loc":{"start":{"line":43,"column":4},"end":{"line":45,"column":5}},"type":"if","locations":[{"start":{"line":43,"column":4},"end":{"line":45,"column":5}},{"start":{},"end":{}}],"line":43},"10":{"loc":{"start":{"line":46,"column":4},"end":{"line":48,"column":5}},"type":"if","locations":[{"start":{"line":46,"column":4},"end":{"line":48,"column":5}},{"start":{},"end":{}}],"line":46}},"s":{"0":1,"1":1,"2":1,"3":19,"4":1,"5":18,"6":14,"7":4,"8":1,"9":1,"10":7,"11":7,"12":0,"13":7,"14":4,"15":3,"16":0,"17":3,"18":1,"19":1,"20":7,"21":7,"22":7,"23":7,"24":35,"25":7,"26":1,"27":1,"28":12,"29":7,"30":3,"31":0,"32":3,"33":3,"34":0,"35":3,"36":0,"37":3,"38":1},"f":{"0":19,"1":7,"2":7,"3":35,"4":12},"b":{"0":[1,18],"1":[14,4],"2":[18,16],"3":[0,7],"4":[4,3],"5":[7,4],"6":[0,3],"7":[0,3],"8":[3,3],"9":[0,3],"10":[0,3]},"inputSourceMap":null,"_coverageSchema":"1a1c01bbd47fc00a2c39e90264f33305004495a9","hash":"48656c1323871dfa752c83dd8e3d31a15fae7013"}
,"C:\\Users\\Mina\\Desktop\\Aubrey\\Missions\\TurnersRestfulAPI\\build\\services\\carService.js": {"path":"C:\\Users\\Mina\\Desktop\\Aubrey\\Missions\\TurnersRestfulAPI\\build\\services\\carService.js","statementMap":{"0":{"start":{"line":2,"column":0},"end":{"line":2,"column":62}},"1":{"start":{"line":3,"column":0},"end":{"line":3,"column":124}},"2":{"start":{"line":4,"column":23},"end":{"line":4,"column":59}},"3":{"start":{"line":5,"column":17},"end":{"line":5,"column":69}},"4":{"start":{"line":6,"column":19},"end":{"line":8,"column":1}},"5":{"start":{"line":7,"column":4},"end":{"line":7,"column":22}},"6":{"start":{"line":9,"column":0},"end":{"line":9,"column":32}},"7":{"start":{"line":10,"column":15},"end":{"line":19,"column":1}},"8":{"start":{"line":11,"column":21},"end":{"line":16,"column":5}},"9":{"start":{"line":17,"column":4},"end":{"line":17,"column":30}},"10":{"start":{"line":18,"column":4},"end":{"line":18,"column":20}},"11":{"start":{"line":20,"column":0},"end":{"line":20,"column":24}},"12":{"start":{"line":21,"column":18},"end":{"line":27,"column":1}},"13":{"start":{"line":22,"column":26},"end":{"line":22,"column":64}},"14":{"start":{"line":22,"column":49},"end":{"line":22,"column":63}},"15":{"start":{"line":23,"column":4},"end":{"line":25,"column":5}},"16":{"start":{"line":24,"column":8},"end":{"line":24,"column":33}},"17":{"start":{"line":26,"column":4},"end":{"line":26,"column":25}},"18":{"start":{"line":28,"column":0},"end":{"line":28,"column":30}},"19":{"start":{"line":29,"column":18},"end":{"line":38,"column":1}},"20":{"start":{"line":30,"column":26},"end":{"line":30,"column":64}},"21":{"start":{"line":30,"column":49},"end":{"line":30,"column":63}},"22":{"start":{"line":31,"column":4},"end":{"line":33,"column":5}},"23":{"start":{"line":32,"column":8},"end":{"line":32,"column":33}},"24":{"start":{"line":34,"column":4},"end":{"line":34,"column":38}},"25":{"start":{"line":35,"column":4},"end":{"line":35,"column":36}},"26":{"start":{"line":36,"column":4},"end":{"line":36,"column":100}},"27":{"start":{"line":37,"column":4},"end":{"line":37,"column":25}},"28":{"start":{"line":39,"column":0},"end":{"line":39,"column":30}},"29":{"start":{"line":40,"column":17},"end":{"line":49,"column":1}},"30":{"start":{"line":41,"column":26},"end":{"line":41,"column":64}},"31":{"start":{"line":41,"column":49},"end":{"line":41,"column":63}},"32":{"start":{"line":42,"column":4},"end":{"line":44,"column":5}},"33":{"start":{"line":43,"column":8},"end":{"line":43,"column":33}},"34":{"start":{"line":45,"column":4},"end":{"line":45,"column":91}},"35":{"start":{"line":46,"column":4},"end":{"line":46,"column":86}},"36":{"start":{"line":47,"column":4},"end":{"line":47,"column":100}},"37":{"start":{"line":48,"column":4},"end":{"line":48,"column":25}},"38":{"start":{"line":50,"column":0},"end":{"line":50,"column":28}},"39":{"start":{"line":51,"column":18},"end":{"line":58,"column":1}},"40":{"start":{"line":52,"column":26},"end":{"line":52,"column":64}},"41":{"start":{"line":52,"column":49},"end":{"line":52,"column":63}},"42":{"start":{"line":53,"column":4},"end":{"line":55,"column":5}},"43":{"start":{"line":54,"column":8},"end":{"line":54,"column":33}},"44":{"start":{"line":56,"column":4},"end":{"line":56,"column":58}},"45":{"start":{"line":56,"column":42},"end":{"line":56,"column":56}},"46":{"start":{"line":57,"column":4},"end":{"line":57,"column":63}},"47":{"start":{"line":59,"column":0},"end":{"line":59,"column":30}}},"fnMap":{"0":{"name":"(anonymous_0)","decl":{"start":{"line":6,"column":19},"end":{"line":6,"column":20}},"loc":{"start":{"line":6,"column":25},"end":{"line":8,"column":1}},"line":6},"1":{"name":"(anonymous_1)","decl":{"start":{"line":10,"column":15},"end":{"line":10,"column":16}},"loc":{"start":{"line":10,"column":26},"end":{"line":19,"column":1}},"line":10},"2":{"name":"(anonymous_2)","decl":{"start":{"line":21,"column":18},"end":{"line":21,"column":19}},"loc":{"start":{"line":21,"column":29},"end":{"line":27,"column":1}},"line":21},"3":{"name":"(anonymous_3)","decl":{"start":{"line":22,"column":42},"end":{"line":22,"column":43}},"loc":{"start":{"line":22,"column":49},"end":{"line":22,"column":63}},"line":22},"4":{"name":"(anonymous_4)","decl":{"start":{"line":29,"column":18},"end":{"line":29,"column":19}},"loc":{"start":{"line":29,"column":36},"end":{"line":38,"column":1}},"line":29},"5":{"name":"(anonymous_5)","decl":{"start":{"line":30,"column":42},"end":{"line":30,"column":43}},"loc":{"start":{"line":30,"column":49},"end":{"line":30,"column":63}},"line":30},"6":{"name":"(anonymous_6)","decl":{"start":{"line":40,"column":17},"end":{"line":40,"column":18}},"loc":{"start":{"line":40,"column":41},"end":{"line":49,"column":1}},"line":40},"7":{"name":"(anonymous_7)","decl":{"start":{"line":41,"column":42},"end":{"line":41,"column":43}},"loc":{"start":{"line":41,"column":49},"end":{"line":41,"column":63}},"line":41},"8":{"name":"(anonymous_8)","decl":{"start":{"line":51,"column":18},"end":{"line":51,"column":19}},"loc":{"start":{"line":51,"column":29},"end":{"line":58,"column":1}},"line":51},"9":{"name":"(anonymous_9)","decl":{"start":{"line":52,"column":42},"end":{"line":52,"column":43}},"loc":{"start":{"line":52,"column":49},"end":{"line":52,"column":63}},"line":52},"10":{"name":"(anonymous_10)","decl":{"start":{"line":56,"column":35},"end":{"line":56,"column":36}},"loc":{"start":{"line":56,"column":42},"end":{"line":56,"column":56}},"line":56}},"branchMap":{"0":{"loc":{"start":{"line":23,"column":4},"end":{"line":25,"column":5}},"type":"if","locations":[{"start":{"line":23,"column":4},"end":{"line":25,"column":5}},{"start":{},"end":{}}],"line":23},"1":{"loc":{"start":{"line":31,"column":4},"end":{"line":33,"column":5}},"type":"if","locations":[{"start":{"line":31,"column":4},"end":{"line":33,"column":5}},{"start":{},"end":{}}],"line":31},"2":{"loc":{"start":{"line":42,"column":4},"end":{"line":44,"column":5}},"type":"if","locations":[{"start":{"line":42,"column":4},"end":{"line":44,"column":5}},{"start":{},"end":{}}],"line":42},"3":{"loc":{"start":{"line":45,"column":26},"end":{"line":45,"column":90}},"type":"cond-expr","locations":[{"start":{"line":45,"column":63},"end":{"line":45,"column":68}},{"start":{"line":45,"column":71},"end":{"line":45,"column":90}}],"line":45},"4":{"loc":{"start":{"line":45,"column":26},"end":{"line":45,"column":60}},"type":"binary-expr","locations":[{"start":{"line":45,"column":26},"end":{"line":45,"column":40}},{"start":{"line":45,"column":44},"end":{"line":45,"column":60}}],"line":45},"5":{"loc":{"start":{"line":46,"column":25},"end":{"line":46,"column":85}},"type":"cond-expr","locations":[{"start":{"line":46,"column":60},"end":{"line":46,"column":64}},{"start":{"line":46,"column":67},"end":{"line":46,"column":85}}],"line":46},"6":{"loc":{"start":{"line":46,"column":25},"end":{"line":46,"column":57}},"type":"binary-expr","locations":[{"start":{"line":46,"column":25},"end":{"line":46,"column":38}},{"start":{"line":46,"column":42},"end":{"line":46,"column":57}}],"line":46},"7":{"loc":{"start":{"line":53,"column":4},"end":{"line":55,"column":5}},"type":"if","locations":[{"start":{"line":53,"column":4},"end":{"line":55,"column":5}},{"start":{},"end":{}}],"line":53}},"s":{"0":1,"1":1,"2":1,"3":1,"4":1,"5":1,"6":1,"7":1,"8":10,"9":1,"10":1,"11":1,"12":1,"13":0,"14":0,"15":0,"16":0,"17":0,"18":1,"19":1,"20":1,"21":2,"22":1,"23":0,"24":1,"25":1,"26":1,"27":1,"28":1,"29":1,"30":1,"31":2,"32":1,"33":0,"34":1,"35":1,"36":1,"37":1,"38":1,"39":1,"40":1,"41":2,"42":1,"43":0,"44":1,"45":2,"46":1,"47":1},"f":{"0":1,"1":10,"2":0,"3":0,"4":1,"5":2,"6":1,"7":2,"8":1,"9":2,"10":2},"b":{"0":[0,0],"1":[0,1],"2":[0,1],"3":[1,0],"4":[1,1],"5":[1,0],"6":[1,1],"7":[0,1]},"inputSourceMap":null,"_coverageSchema":"1a1c01bbd47fc00a2c39e90264f33305004495a9","hash":"a1b150d9d7c6095a73c97d9dd1e7b869d8476845"}
,"C:\\Users\\Mina\\Desktop\\Aubrey\\Missions\\TurnersRestfulAPI\\src\\functions\\carFunctions.ts": {"path":"C:\\Users\\Mina\\Desktop\\Aubrey\\Missions\\TurnersRestfulAPI\\src\\functions\\carFunctions.ts","statementMap":{"0":{"start":{"line":1,"column":26},"end":{"line":8,"column":1}},"1":{"start":{"line":2,"column":2},"end":{"line":2,"column":null}},"2":{"start":{"line":2,"column":18},"end":{"line":2,"column":null}},"3":{"start":{"line":3,"column":2},"end":{"line":7,"column":null}},"4":{"start":{"line":4,"column":4},"end":{"line":4,"column":null}},"5":{"start":{"line":6,"column":4},"end":{"line":6,"column":null}},"6":{"start":{"line":1,"column":13},"end":{"line":1,"column":26}},"7":{"start":{"line":10,"column":25},"end":{"line":17,"column":1}},"8":{"start":{"line":11,"column":20},"end":{"line":11,"column":30}},"9":{"start":{"line":12,"column":2},"end":{"line":12,"column":null}},"10":{"start":{"line":12,"column":25},"end":{"line":12,"column":null}},"11":{"start":{"line":13,"column":2},"end":{"line":14,"column":null}},"12":{"start":{"line":14,"column":4},"end":{"line":14,"column":null}},"13":{"start":{"line":15,"column":2},"end":{"line":15,"column":null}},"14":{"start":{"line":15,"column":31},"end":{"line":15,"column":null}},"15":{"start":{"line":16,"column":2},"end":{"line":16,"column":null}},"16":{"start":{"line":10,"column":13},"end":{"line":10,"column":25}},"17":{"start":{"line":19,"column":28},"end":{"line":27,"column":1}},"18":{"start":{"line":20,"column":2},"end":{"line":20,"column":null}},"19":{"start":{"line":21,"column":15},"end":{"line":21,"column":16}},"20":{"start":{"line":22,"column":15},"end":{"line":22,"column":42}},"21":{"start":{"line":23,"column":2},"end":{"line":25,"column":null}},"22":{"start":{"line":24,"column":4},"end":{"line":24,"column":null}},"23":{"start":{"line":26,"column":2},"end":{"line":26,"column":null}},"24":{"start":{"line":19,"column":13},"end":{"line":19,"column":28}},"25":{"start":{"line":29,"column":28},"end":{"line":48,"column":1}},"26":{"start":{"line":30,"column":14},"end":{"line":30,"column":45}},"27":{"start":{"line":31,"column":13},"end":{"line":31,"column":28}},"28":{"start":{"line":33,"column":2},"end":{"line":35,"column":null}},"29":{"start":{"line":34,"column":4},"end":{"line":34,"column":null}},"30":{"start":{"line":37,"column":17},"end":{"line":37,"column":25}},"31":{"start":{"line":39,"column":2},"end":{"line":41,"column":null}},"32":{"start":{"line":40,"column":4},"end":{"line":40,"column":null}},"33":{"start":{"line":43,"column":2},"end":{"line":45,"column":null}},"34":{"start":{"line":44,"column":4},"end":{"line":44,"column":null}},"35":{"start":{"line":47,"column":2},"end":{"line":47,"column":null}},"36":{"start":{"line":29,"column":13},"end":{"line":29,"column":28}}},"fnMap":{"0":{"name":"(anonymous_0)","decl":{"start":{"line":1,"column":26},"end":{"line":1,"column":27}},"loc":{"start":{"line":1,"column":42},"end":{"line":8,"column":1}}},"1":{"name":"(anonymous_1)","decl":{"start":{"line":10,"column":25},"end":{"line":10,"column":26}},"loc":{"start":{"line":10,"column":41},"end":{"line":17,"column":1}}},"2":{"name":"(anonymous_2)","decl":{"start":{"line":19,"column":28},"end":{"line":19,"column":29}},"loc":{"start":{"line":19,"column":44},"end":{"line":27,"column":1}}},"3":{"name":"(anonymous_3)","decl":{"start":{"line":23,"column":11},"end":{"line":23,"column":12}},"loc":{"start":{"line":23,"column":20},"end":{"line":25,"column":3}}},"4":{"name":"(anonymous_4)","decl":{"start":{"line":29,"column":28},"end":{"line":29,"column":29}},"loc":{"start":{"line":29,"column":60},"end":{"line":48,"column":1}}}},"branchMap":{"0":{"loc":{"start":{"line":2,"column":2},"end":{"line":2,"column":null}},"type":"if","locations":[{"start":{"line":2,"column":2},"end":{"line":2,"column":null}}]},"1":{"loc":{"start":{"line":3,"column":2},"end":{"line":7,"column":null}},"type":"if","locations":[{"start":{"line":3,"column":2},"end":{"line":7,"column":null}},{"start":{"line":5,"column":9},"end":{"line":7,"column":null}}]},"2":{"loc":{"start":{"line":3,"column":6},"end":{"line":3,"column":56}},"type":"binary-expr","locations":[{"start":{"line":3,"column":6},"end":{"line":3,"column":29}},{"start":{"line":3,"column":33},"end":{"line":3,"column":56}}]},"3":{"loc":{"start":{"line":12,"column":2},"end":{"line":12,"column":null}},"type":"if","locations":[{"start":{"line":12,"column":2},"end":{"line":12,"column":null}}]},"4":{"loc":{"start":{"line":13,"column":2},"end":{"line":14,"column":null}},"type":"if","locations":[{"start":{"line":13,"column":2},"end":{"line":14,"column":null}}]},"5":{"loc":{"start":{"line":13,"column":6},"end":{"line":13,"column":51}},"type":"binary-expr","locations":[{"start":{"line":13,"column":6},"end":{"line":13,"column":16}},{"start":{"line":13,"column":20},"end":{"line":13,"column":51}}]},"6":{"loc":{"start":{"line":15,"column":2},"end":{"line":15,"column":null}},"type":"if","locations":[{"start":{"line":15,"column":2},"end":{"line":15,"column":null}}]},"7":{"loc":{"start":{"line":33,"column":2},"end":{"line":35,"column":null}},"type":"if","locations":[{"start":{"line":33,"column":2},"end":{"line":35,"column":null}}]},"8":{"loc":{"start":{"line":33,"column":6},"end":{"line":33,"column":55}},"type":"binary-expr","locations":[{"start":{"line":33,"column":6},"end":{"line":33,"column":29}},{"start":{"line":33,"column":33},"end":{"line":33,"column":55}}]},"9":{"loc":{"start":{"line":39,"column":2},"end":{"line":41,"column":null}},"type":"if","locations":[{"start":{"line":39,"column":2},"end":{"line":41,"column":null}}]},"10":{"loc":{"start":{"line":43,"column":2},"end":{"line":45,"column":null}},"type":"if","locations":[{"start":{"line":43,"column":2},"end":{"line":45,"column":null}}]}},"s":{"0":1,"1":19,"2":1,"3":18,"4":14,"5":4,"6":1,"7":1,"8":7,"9":7,"10":0,"11":7,"12":4,"13":3,"14":0,"15":3,"16":1,"17":1,"18":7,"19":7,"20":7,"21":7,"22":35,"23":7,"24":1,"25":1,"26":12,"27":7,"28":3,"29":0,"30":3,"31":3,"32":0,"33":3,"34":0,"35":3,"36":1},"f":{"0":19,"1":7,"2":7,"3":35,"4":12},"b":{"0":[1],"1":[14,4],"2":[18,16],"3":[0],"4":[4],"5":[7,4],"6":[0],"7":[0],"8":[3,3],"9":[0],"10":[0]}}
,"C:\\Users\\Mina\\Desktop\\Aubrey\\Missions\\TurnersRestfulAPI\\src\\services\\carService.ts": {"path":"C:\\Users\\Mina\\Desktop\\Aubrey\\Missions\\TurnersRestfulAPI\\src\\services\\carService.ts","statementMap":{"0":{"start":{"line":1,"column":0},"end":{"line":1,"column":56}},"1":{"start":{"line":4,"column":24},"end":{"line":4,"column":76}},"2":{"start":{"line":6,"column":26},"end":{"line":8,"column":1}},"3":{"start":{"line":7,"column":2},"end":{"line":7,"column":null}},"4":{"start":{"line":6,"column":13},"end":{"line":6,"column":26}},"5":{"start":{"line":10,"column":22},"end":{"line":19,"column":1}},"6":{"start":{"line":11,"column":19},"end":{"line":16,"column":null}},"7":{"start":{"line":17,"column":2},"end":{"line":17,"column":null}},"8":{"start":{"line":18,"column":2},"end":{"line":18,"column":null}},"9":{"start":{"line":10,"column":13},"end":{"line":10,"column":22}},"10":{"start":{"line":21,"column":25},"end":{"line":27,"column":1}},"11":{"start":{"line":22,"column":24},"end":{"line":22,"column":62}},"12":{"start":{"line":22,"column":47},"end":{"line":22,"column":61}},"13":{"start":{"line":23,"column":2},"end":{"line":25,"column":null}},"14":{"start":{"line":24,"column":4},"end":{"line":24,"column":null}},"15":{"start":{"line":26,"column":2},"end":{"line":26,"column":null}},"16":{"start":{"line":21,"column":13},"end":{"line":21,"column":25}},"17":{"start":{"line":29,"column":25},"end":{"line":40,"column":1}},"18":{"start":{"line":30,"column":24},"end":{"line":30,"column":62}},"19":{"start":{"line":30,"column":47},"end":{"line":30,"column":61}},"20":{"start":{"line":31,"column":2},"end":{"line":33,"column":null}},"21":{"start":{"line":32,"column":4},"end":{"line":32,"column":null}},"22":{"start":{"line":35,"column":2},"end":{"line":35,"column":null}},"23":{"start":{"line":36,"column":2},"end":{"line":36,"column":null}},"24":{"start":{"line":37,"column":2},"end":{"line":37,"column":null}},"25":{"start":{"line":39,"column":2},"end":{"line":39,"column":null}},"26":{"start":{"line":29,"column":13},"end":{"line":29,"column":25}},"27":{"start":{"line":42,"column":24},"end":{"line":53,"column":1}},"28":{"start":{"line":43,"column":24},"end":{"line":43,"column":62}},"29":{"start":{"line":43,"column":47},"end":{"line":43,"column":61}},"30":{"start":{"line":44,"column":2},"end":{"line":46,"column":null}},"31":{"start":{"line":45,"column":4},"end":{"line":45,"column":null}},"32":{"start":{"line":48,"column":2},"end":{"line":48,"column":null}},"33":{"start":{"line":49,"column":2},"end":{"line":49,"column":null}},"34":{"start":{"line":50,"column":2},"end":{"line":50,"column":null}},"35":{"start":{"line":52,"column":2},"end":{"line":52,"column":null}},"36":{"start":{"line":42,"column":13},"end":{"line":42,"column":24}},"37":{"start":{"line":55,"column":25},"end":{"line":62,"column":1}},"38":{"start":{"line":56,"column":24},"end":{"line":56,"column":62}},"39":{"start":{"line":56,"column":47},"end":{"line":56,"column":61}},"40":{"start":{"line":57,"column":2},"end":{"line":59,"column":null}},"41":{"start":{"line":58,"column":4},"end":{"line":58,"column":null}},"42":{"start":{"line":60,"column":2},"end":{"line":60,"column":null}},"43":{"start":{"line":60,"column":40},"end":{"line":60,"column":54}},"44":{"start":{"line":61,"column":2},"end":{"line":61,"column":null}},"45":{"start":{"line":55,"column":13},"end":{"line":55,"column":25}}},"fnMap":{"0":{"name":"(anonymous_0)","decl":{"start":{"line":6,"column":26},"end":{"line":6,"column":29}},"loc":{"start":{"line":6,"column":31},"end":{"line":8,"column":1}}},"1":{"name":"(anonymous_1)","decl":{"start":{"line":10,"column":22},"end":{"line":10,"column":23}},"loc":{"start":{"line":10,"column":42},"end":{"line":19,"column":1}}},"2":{"name":"(anonymous_2)","decl":{"start":{"line":21,"column":25},"end":{"line":21,"column":26}},"loc":{"start":{"line":21,"column":43},"end":{"line":27,"column":1}}},"3":{"name":"(anonymous_3)","decl":{"start":{"line":22,"column":40},"end":{"line":22,"column":41}},"loc":{"start":{"line":22,"column":47},"end":{"line":22,"column":61}}},"4":{"name":"(anonymous_4)","decl":{"start":{"line":29,"column":25},"end":{"line":29,"column":26}},"loc":{"start":{"line":29,"column":60},"end":{"line":40,"column":1}}},"5":{"name":"(anonymous_5)","decl":{"start":{"line":30,"column":40},"end":{"line":30,"column":41}},"loc":{"start":{"line":30,"column":47},"end":{"line":30,"column":61}}},"6":{"name":"(anonymous_6)","decl":{"start":{"line":42,"column":24},"end":{"line":42,"column":25}},"loc":{"start":{"line":42,"column":71},"end":{"line":53,"column":1}}},"7":{"name":"(anonymous_7)","decl":{"start":{"line":43,"column":40},"end":{"line":43,"column":41}},"loc":{"start":{"line":43,"column":47},"end":{"line":43,"column":61}}},"8":{"name":"(anonymous_8)","decl":{"start":{"line":55,"column":25},"end":{"line":55,"column":26}},"loc":{"start":{"line":55,"column":43},"end":{"line":62,"column":1}}},"9":{"name":"(anonymous_9)","decl":{"start":{"line":56,"column":40},"end":{"line":56,"column":41}},"loc":{"start":{"line":56,"column":47},"end":{"line":56,"column":61}}},"10":{"name":"(anonymous_10)","decl":{"start":{"line":60,"column":33},"end":{"line":60,"column":34}},"loc":{"start":{"line":60,"column":40},"end":{"line":60,"column":54}}}},"branchMap":{"0":{"loc":{"start":{"line":23,"column":2},"end":{"line":25,"column":null}},"type":"if","locations":[{"start":{"line":23,"column":2},"end":{"line":25,"column":null}}]},"1":{"loc":{"start":{"line":31,"column":2},"end":{"line":33,"column":null}},"type":"if","locations":[{"start":{"line":31,"column":2},"end":{"line":33,"column":null}}]},"2":{"loc":{"start":{"line":44,"column":2},"end":{"line":46,"column":null}},"type":"if","locations":[{"start":{"line":44,"column":2},"end":{"line":46,"column":null}}]},"3":{"loc":{"start":{"line":48,"column":24},"end":{"line":48,"column":52}},"type":"cond-expr","locations":[{"start":{"line":48,"column":24},"end":{"line":48,"column":29}},{"start":{"line":48,"column":33},"end":{"line":48,"column":52}}]},"4":{"loc":{"start":{"line":48,"column":24},"end":{"line":48,"column":33}},"type":"binary-expr","locations":[{"start":{"line":48,"column":24},"end":{"line":48,"column":33}},{"start":{"line":48,"column":24},"end":{"line":48,"column":33}}]},"5":{"loc":{"start":{"line":49,"column":23},"end":{"line":49,"column":49}},"type":"cond-expr","locations":[{"start":{"line":49,"column":23},"end":{"line":49,"column":27}},{"start":{"line":49,"column":31},"end":{"line":49,"column":49}}]},"6":{"loc":{"start":{"line":49,"column":23},"end":{"line":49,"column":31}},"type":"binary-expr","locations":[{"start":{"line":49,"column":23},"end":{"line":49,"column":31}},{"start":{"line":49,"column":23},"end":{"line":49,"column":31}}]},"7":{"loc":{"start":{"line":57,"column":2},"end":{"line":59,"column":null}},"type":"if","locations":[{"start":{"line":57,"column":2},"end":{"line":59,"column":null}}]}},"s":{"0":1,"1":1,"2":1,"3":1,"4":1,"5":1,"6":10,"7":1,"8":1,"9":1,"10":1,"11":0,"12":0,"13":0,"14":0,"15":0,"16":1,"17":1,"18":1,"19":2,"20":1,"21":0,"22":1,"23":1,"24":1,"25":1,"26":1,"27":1,"28":1,"29":2,"30":1,"31":0,"32":1,"33":1,"34":1,"35":1,"36":1,"37":1,"38":1,"39":2,"40":1,"41":0,"42":1,"43":2,"44":1,"45":1},"f":{"0":1,"1":10,"2":0,"3":0,"4":1,"5":2,"6":1,"7":2,"8":1,"9":2,"10":2},"b":{"0":[0],"1":[0],"2":[0],"3":[1,0],"4":[1,1],"5":[1,0],"6":[1,1],"7":[0]}}
}
