{"C:\\Users\\Mina\\Desktop\\Aubrey\\Missions\\TurnersRestfulAPI\\build\\functions\\carFunctions.js": {"path":"C:\\Users\\Mina\\Desktop\\Aubrey\\Missions\\TurnersRestfulAPI\\build\\functions\\carFunctions.js","statementMap":{"0":{"start":{"line":2,"column":0},"end":{"line":2,"column":62}},"1":{"start":{"line":3,"column":0},"end":{"line":3,"column":30}},"2":{"start":{"line":4,"column":21},"end":{"line":18,"column":1}},"3":{"start":{"line":5,"column":16},"end":{"line":5,"column":47}},"4":{"start":{"line":6,"column":15},"end":{"line":6,"column":30}},"5":{"start":{"line":7,"column":4},"end":{"line":9,"column":5}},"6":{"start":{"line":8,"column":8},"end":{"line":8,"column":79}},"7":{"start":{"line":10,"column":19},"end":{"line":10,"column":27}},"8":{"start":{"line":11,"column":4},"end":{"line":13,"column":5}},"9":{"start":{"line":12,"column":8},"end":{"line":12,"column":61}},"10":{"start":{"line":14,"column":4},"end":{"line":16,"column":5}},"11":{"start":{"line":15,"column":8},"end":{"line":15,"column":55}},"12":{"start":{"line":17,"column":4},"end":{"line":17,"column":18}},"13":{"start":{"line":19,"column":0},"end":{"line":19,"column":36}},"14":{"start":{"line":20,"column":19},"end":{"line":29,"column":1}},"15":{"start":{"line":21,"column":4},"end":{"line":22,"column":32}},"16":{"start":{"line":22,"column":8},"end":{"line":22,"column":32}},"17":{"start":{"line":23,"column":4},"end":{"line":28,"column":5}},"18":{"start":{"line":24,"column":8},"end":{"line":24,"column":19}},"19":{"start":{"line":27,"column":8},"end":{"line":27,"column":93}},"20":{"start":{"line":30,"column":18},"end":{"line":39,"column":1}},"21":{"start":{"line":31,"column":22},"end":{"line":31,"column":32}},"22":{"start":{"line":32,"column":4},"end":{"line":33,"column":31}},"23":{"start":{"line":33,"column":8},"end":{"line":33,"column":31}},"24":{"start":{"line":34,"column":4},"end":{"line":35,"column":84}},"25":{"start":{"line":35,"column":8},"end":{"line":35,"column":84}},"26":{"start":{"line":36,"column":4},"end":{"line":37,"column":41}},"27":{"start":{"line":37,"column":8},"end":{"line":37,"column":41}},"28":{"start":{"line":38,"column":4},"end":{"line":38,"column":15}},"29":{"start":{"line":40,"column":21},"end":{"line":48,"column":1}},"30":{"start":{"line":41,"column":4},"end":{"line":41,"column":20}},"31":{"start":{"line":42,"column":17},"end":{"line":42,"column":18}},"32":{"start":{"line":43,"column":17},"end":{"line":43,"column":44}},"33":{"start":{"line":44,"column":4},"end":{"line":46,"column":7}},"34":{"start":{"line":45,"column":8},"end":{"line":45,"column":42}},"35":{"start":{"line":47,"column":4},"end":{"line":47,"column":24}}},"fnMap":{"0":{"name":"(anonymous_0)","decl":{"start":{"line":4,"column":21},"end":{"line":4,"column":22}},"loc":{"start":{"line":4,"column":38},"end":{"line":18,"column":1}},"line":4},"1":{"name":"(anonymous_1)","decl":{"start":{"line":20,"column":19},"end":{"line":20,"column":20}},"loc":{"start":{"line":20,"column":28},"end":{"line":29,"column":1}},"line":20},"2":{"name":"(anonymous_2)","decl":{"start":{"line":30,"column":18},"end":{"line":30,"column":19}},"loc":{"start":{"line":30,"column":27},"end":{"line":39,"column":1}},"line":30},"3":{"name":"(anonymous_3)","decl":{"start":{"line":40,"column":21},"end":{"line":40,"column":22}},"loc":{"start":{"line":40,"column":30},"end":{"line":48,"column":1}},"line":40},"4":{"name":"(anonymous_4)","decl":{"start":{"line":44,"column":13},"end":{"line":44,"column":14}},"loc":{"start":{"line":44,"column":23},"end":{"line":46,"column":5}},"line":44}},"branchMap":{"0":{"loc":{"start":{"line":7,"column":4},"end":{"line":9,"column":5}},"type":"if","locations":[{"start":{"line":7,"column":4},"end":{"line":9,"column":5}},{"start":{},"end":{}}],"line":7},"1":{"loc":{"start":{"line":7,"column":8},"end":{"line":7,"column":57}},"type":"binary-expr","locations":[{"start":{"line":7,"column":8},"end":{"line":7,"column":31}},{"start":{"line":7,"column":35},"end":{"line":7,"column":57}}],"line":7},"2":{"loc":{"start":{"line":11,"column":4},"end":{"line":13,"column":5}},"type":"if","locations":[{"start":{"line":11,"column":4},"end":{"line":13,"column":5}},{"start":{},"end":{}}],"line":11},"3":{"loc":{"start":{"line":14,"column":4},"end":{"line":16,"column":5}},"type":"if","locations":[{"start":{"line":14,"column":4},"end":{"line":16,"column":5}},{"start":{},"end":{}}],"line":14},"4":{"loc":{"start":{"line":21,"column":4},"end":{"line":22,"column":32}},"type":"if","locations":[{"start":{"line":21,"column":4},"end":{"line":22,"column":32}},{"start":{},"end":{}}],"line":21},"5":{"loc":{"start":{"line":23,"column":4},"end":{"line":28,"column":5}},"type":"if","locations":[{"start":{"line":23,"column":4},"end":{"line":28,"column":5}},{"start":{"line":26,"column":9},"end":{"line":28,"column":5}}],"line":23},"6":{"loc":{"start":{"line":23,"column":8},"end":{"line":23,"column":58}},"type":"binary-expr","locations":[{"start":{"line":23,"column":8},"end":{"line":23,"column":31}},{"start":{"line":23,"column":35},"end":{"line":23,"column":58}}],"line":23},"7":{"loc":{"start":{"line":32,"column":4},"end":{"line":33,"column":31}},"type":"if","locations":[{"start":{"line":32,"column":4},"end":{"line":33,"column":31}},{"start":{},"end":{}}],"line":32},"8":{"loc":{"start":{"line":34,"column":4},"end":{"line":35,"column":84}},"type":"if","locations":[{"start":{"line":34,"column":4},"end":{"line":35,"column":84}},{"start":{},"end":{}}],"line":34},"9":{"loc":{"start":{"line":34,"column":8},"end":{"line":34,"column":53}},"type":"binary-expr","locations":[{"start":{"line":34,"column":8},"end":{"line":34,"column":18}},{"start":{"line":34,"column":22},"end":{"line":34,"column":53}}],"line":34},"10":{"loc":{"start":{"line":36,"column":4},"end":{"line":37,"column":41}},"type":"if","locations":[{"start":{"line":36,"column":4},"end":{"line":37,"column":41}},{"start":{},"end":{}}],"line":36}},"s":{"0":1,"1":1,"2":1,"3":12,"4":7,"5":3,"6":0,"7":3,"8":3,"9":0,"10":3,"11":0,"12":3,"13":1,"14":1,"15":19,"16":1,"17":18,"18":14,"19":4,"20":1,"21":7,"22":7,"23":0,"24":7,"25":4,"26":3,"27":0,"28":3,"29":1,"30":7,"31":7,"32":7,"33":7,"34":35,"35":7},"f":{"0":12,"1":19,"2":7,"3":7,"4":35},"b":{"0":[0,3],"1":[3,3],"2":[0,3],"3":[0,3],"4":[1,18],"5":[14,4],"6":[18,16],"7":[0,7],"8":[4,3],"9":[7,4],"10":[0,3]},"inputSourceMap":null,"_coverageSchema":"1a1c01bbd47fc00a2c39e90264f33305004495a9","hash":"7c21849155a08f09a4920a3c86aaff0e2ba9e76c"}
,"C:\\Users\\Mina\\Desktop\\Aubrey\\Missions\\TurnersRestfulAPI\\build\\services\\carService.js": {"path":"C:\\Users\\Mina\\Desktop\\Aubrey\\Missions\\TurnersRestfulAPI\\build\\services\\carService.js","statementMap":{"0":{"start":{"line":2,"column":0},"end":{"line":2,"column":62}},"1":{"start":{"line":3,"column":0},"end":{"line":3,"column":124}},"2":{"start":{"line":4,"column":23},"end":{"line":4,"column":59}},"3":{"start":{"line":5,"column":17},"end":{"line":5,"column":69}},"4":{"start":{"line":6,"column":19},"end":{"line":8,"column":1}},"5":{"start":{"line":7,"column":4},"end":{"line":7,"column":22}},"6":{"start":{"line":9,"column":0},"end":{"line":9,"column":32}},"7":{"start":{"line":10,"column":15},"end":{"line":19,"column":1}},"8":{"start":{"line":11,"column":21},"end":{"line":16,"column":5}},"9":{"start":{"line":17,"column":4},"end":{"line":17,"column":30}},"10":{"start":{"line":18,"column":4},"end":{"line":18,"column":20}},"11":{"start":{"line":20,"column":0},"end":{"line":20,"column":24}},"12":{"start":{"line":21,"column":18},"end":{"line":27,"column":1}},"13":{"start":{"line":22,"column":26},"end":{"line":22,"column":64}},"14":{"start":{"line":22,"column":49},"end":{"line":22,"column":63}},"15":{"start":{"line":23,"column":4},"end":{"line":25,"column":5}},"16":{"start":{"line":24,"column":8},"end":{"line":24,"column":33}},"17":{"start":{"line":26,"column":4},"end":{"line":26,"column":25}},"18":{"start":{"line":28,"column":0},"end":{"line":28,"column":30}},"19":{"start":{"line":29,"column":18},"end":{"line":38,"column":1}},"20":{"start":{"line":30,"column":26},"end":{"line":30,"column":64}},"21":{"start":{"line":30,"column":49},"end":{"line":30,"column":63}},"22":{"start":{"line":31,"column":4},"end":{"line":33,"column":5}},"23":{"start":{"line":32,"column":8},"end":{"line":32,"column":33}},"24":{"start":{"line":34,"column":4},"end":{"line":34,"column":38}},"25":{"start":{"line":35,"column":4},"end":{"line":35,"column":36}},"26":{"start":{"line":36,"column":4},"end":{"line":36,"column":100}},"27":{"start":{"line":37,"column":4},"end":{"line":37,"column":25}},"28":{"start":{"line":39,"column":0},"end":{"line":39,"column":30}},"29":{"start":{"line":40,"column":17},"end":{"line":49,"column":1}},"30":{"start":{"line":41,"column":26},"end":{"line":41,"column":64}},"31":{"start":{"line":41,"column":49},"end":{"line":41,"column":63}},"32":{"start":{"line":42,"column":4},"end":{"line":44,"column":5}},"33":{"start":{"line":43,"column":8},"end":{"line":43,"column":33}},"34":{"start":{"line":45,"column":4},"end":{"line":45,"column":91}},"35":{"start":{"line":46,"column":4},"end":{"line":46,"column":86}},"36":{"start":{"line":47,"column":4},"end":{"line":47,"column":100}},"37":{"start":{"line":48,"column":4},"end":{"line":48,"column":25}},"38":{"start":{"line":50,"column":0},"end":{"line":50,"column":28}},"39":{"start":{"line":51,"column":18},"end":{"line":58,"column":1}},"40":{"start":{"line":52,"column":26},"end":{"line":52,"column":64}},"41":{"start":{"line":52,"column":49},"end":{"line":52,"column":63}},"42":{"start":{"line":53,"column":4},"end":{"line":55,"column":5}},"43":{"start":{"line":54,"column":8},"end":{"line":54,"column":33}},"44":{"start":{"line":56,"column":4},"end":{"line":56,"column":58}},"45":{"start":{"line":56,"column":42},"end":{"line":56,"column":56}},"46":{"start":{"line":57,"column":4},"end":{"line":57,"column":63}},"47":{"start":{"line":59,"column":0},"end":{"line":59,"column":30}}},"fnMap":{"0":{"name":"(anonymous_0)","decl":{"start":{"line":6,"column":19},"end":{"line":6,"column":20}},"loc":{"start":{"line":6,"column":25},"end":{"line":8,"column":1}},"line":6},"1":{"name":"(anonymous_1)","decl":{"start":{"line":10,"column":15},"end":{"line":10,"column":16}},"loc":{"start":{"line":10,"column":26},"end":{"line":19,"column":1}},"line":10},"2":{"name":"(anonymous_2)","decl":{"start":{"line":21,"column":18},"end":{"line":21,"column":19}},"loc":{"start":{"line":21,"column":29},"end":{"line":27,"column":1}},"line":21},"3":{"name":"(anonymous_3)","decl":{"start":{"line":22,"column":42},"end":{"line":22,"column":43}},"loc":{"start":{"line":22,"column":49},"end":{"line":22,"column":63}},"line":22},"4":{"name":"(anonymous_4)","decl":{"start":{"line":29,"column":18},"end":{"line":29,"column":19}},"loc":{"start":{"line":29,"column":36},"end":{"line":38,"column":1}},"line":29},"5":{"name":"(anonymous_5)","decl":{"start":{"line":30,"column":42},"end":{"line":30,"column":43}},"loc":{"start":{"line":30,"column":49},"end":{"line":30,"column":63}},"line":30},"6":{"name":"(anonymous_6)","decl":{"start":{"line":40,"column":17},"end":{"line":40,"column":18}},"loc":{"start":{"line":40,"column":41},"end":{"line":49,"column":1}},"line":40},"7":{"name":"(anonymous_7)","decl":{"start":{"line":41,"column":42},"end":{"line":41,"column":43}},"loc":{"start":{"line":41,"column":49},"end":{"line":41,"column":63}},"line":41},"8":{"name":"(anonymous_8)","decl":{"start":{"line":51,"column":18},"end":{"line":51,"column":19}},"loc":{"start":{"line":51,"column":29},"end":{"line":58,"column":1}},"line":51},"9":{"name":"(anonymous_9)","decl":{"start":{"line":52,"column":42},"end":{"line":52,"column":43}},"loc":{"start":{"line":52,"column":49},"end":{"line":52,"column":63}},"line":52},"10":{"name":"(anonymous_10)","decl":{"start":{"line":56,"column":35},"end":{"line":56,"column":36}},"loc":{"start":{"line":56,"column":42},"end":{"line":56,"column":56}},"line":56}},"branchMap":{"0":{"loc":{"start":{"line":23,"column":4},"end":{"line":25,"column":5}},"type":"if","locations":[{"start":{"line":23,"column":4},"end":{"line":25,"column":5}},{"start":{},"end":{}}],"line":23},"1":{"loc":{"start":{"line":31,"column":4},"end":{"line":33,"column":5}},"type":"if","locations":[{"start":{"line":31,"column":4},"end":{"line":33,"column":5}},{"start":{},"end":{}}],"line":31},"2":{"loc":{"start":{"line":42,"column":4},"end":{"line":44,"column":5}},"type":"if","locations":[{"start":{"line":42,"column":4},"end":{"line":44,"column":5}},{"start":{},"end":{}}],"line":42},"3":{"loc":{"start":{"line":45,"column":26},"end":{"line":45,"column":90}},"type":"cond-expr","locations":[{"start":{"line":45,"column":63},"end":{"line":45,"column":68}},{"start":{"line":45,"column":71},"end":{"line":45,"column":90}}],"line":45},"4":{"loc":{"start":{"line":45,"column":26},"end":{"line":45,"column":60}},"type":"binary-expr","locations":[{"start":{"line":45,"column":26},"end":{"line":45,"column":40}},{"start":{"line":45,"column":44},"end":{"line":45,"column":60}}],"line":45},"5":{"loc":{"start":{"line":46,"column":25},"end":{"line":46,"column":85}},"type":"cond-expr","locations":[{"start":{"line":46,"column":60},"end":{"line":46,"column":64}},{"start":{"line":46,"column":67},"end":{"line":46,"column":85}}],"line":46},"6":{"loc":{"start":{"line":46,"column":25},"end":{"line":46,"column":57}},"type":"binary-expr","locations":[{"start":{"line":46,"column":25},"end":{"line":46,"column":38}},{"start":{"line":46,"column":42},"end":{"line":46,"column":57}}],"line":46},"7":{"loc":{"start":{"line":53,"column":4},"end":{"line":55,"column":5}},"type":"if","locations":[{"start":{"line":53,"column":4},"end":{"line":55,"column":5}},{"start":{},"end":{}}],"line":53}},"s":{"0":1,"1":1,"2":1,"3":1,"4":1,"5":1,"6":1,"7":1,"8":10,"9":1,"10":1,"11":1,"12":1,"13":2,"14":3,"15":2,"16":1,"17":1,"18":1,"19":1,"20":2,"21":4,"22":2,"23":1,"24":1,"25":1,"26":1,"27":1,"28":1,"29":1,"30":2,"31":4,"32":2,"33":1,"34":1,"35":1,"36":1,"37":1,"38":1,"39":1,"40":2,"41":3,"42":2,"43":1,"44":1,"45":2,"46":1,"47":1},"f":{"0":1,"1":10,"2":2,"3":3,"4":2,"5":4,"6":2,"7":4,"8":2,"9":3,"10":2},"b":{"0":[1,1],"1":[1,1],"2":[1,1],"3":[1,0],"4":[1,1],"5":[1,0],"6":[1,1],"7":[1,1]},"inputSourceMap":null,"_coverageSchema":"1a1c01bbd47fc00a2c39e90264f33305004495a9","hash":"a1b150d9d7c6095a73c97d9dd1e7b869d8476845"}
,"C:\\Users\\Mina\\Desktop\\Aubrey\\Missions\\TurnersRestfulAPI\\src\\functions\\carFunctions.ts": {"path":"C:\\Users\\Mina\\Desktop\\Aubrey\\Missions\\TurnersRestfulAPI\\src\\functions\\carFunctions.ts","statementMap":{"0":{"start":{"line":1,"column":28},"end":{"line":20,"column":1}},"1":{"start":{"line":2,"column":14},"end":{"line":2,"column":45}},"2":{"start":{"line":3,"column":13},"end":{"line":3,"column":28}},"3":{"start":{"line":5,"column":2},"end":{"line":7,"column":null}},"4":{"start":{"line":6,"column":4},"end":{"line":6,"column":null}},"5":{"start":{"line":9,"column":17},"end":{"line":9,"column":25}},"6":{"start":{"line":11,"column":2},"end":{"line":13,"column":null}},"7":{"start":{"line":12,"column":4},"end":{"line":12,"column":null}},"8":{"start":{"line":15,"column":2},"end":{"line":17,"column":null}},"9":{"start":{"line":16,"column":4},"end":{"line":16,"column":null}},"10":{"start":{"line":19,"column":2},"end":{"line":19,"column":null}},"11":{"start":{"line":1,"column":13},"end":{"line":1,"column":28}},"12":{"start":{"line":22,"column":19},"end":{"line":29,"column":1}},"13":{"start":{"line":23,"column":2},"end":{"line":23,"column":null}},"14":{"start":{"line":23,"column":18},"end":{"line":23,"column":null}},"15":{"start":{"line":24,"column":2},"end":{"line":28,"column":null}},"16":{"start":{"line":25,"column":4},"end":{"line":25,"column":null}},"17":{"start":{"line":27,"column":4},"end":{"line":27,"column":null}},"18":{"start":{"line":31,"column":18},"end":{"line":38,"column":1}},"19":{"start":{"line":32,"column":20},"end":{"line":32,"column":30}},"20":{"start":{"line":33,"column":2},"end":{"line":33,"column":null}},"21":{"start":{"line":33,"column":25},"end":{"line":33,"column":null}},"22":{"start":{"line":34,"column":2},"end":{"line":35,"column":null}},"23":{"start":{"line":35,"column":4},"end":{"line":35,"column":null}},"24":{"start":{"line":36,"column":2},"end":{"line":36,"column":null}},"25":{"start":{"line":36,"column":31},"end":{"line":36,"column":null}},"26":{"start":{"line":37,"column":2},"end":{"line":37,"column":null}},"27":{"start":{"line":40,"column":21},"end":{"line":48,"column":1}},"28":{"start":{"line":41,"column":2},"end":{"line":41,"column":null}},"29":{"start":{"line":42,"column":15},"end":{"line":42,"column":16}},"30":{"start":{"line":43,"column":15},"end":{"line":43,"column":42}},"31":{"start":{"line":44,"column":2},"end":{"line":46,"column":null}},"32":{"start":{"line":45,"column":4},"end":{"line":45,"column":null}},"33":{"start":{"line":47,"column":2},"end":{"line":47,"column":null}}},"fnMap":{"0":{"name":"(anonymous_0)","decl":{"start":{"line":1,"column":28},"end":{"line":1,"column":29}},"loc":{"start":{"line":1,"column":60},"end":{"line":20,"column":1}}},"1":{"name":"(anonymous_1)","decl":{"start":{"line":22,"column":19},"end":{"line":22,"column":20}},"loc":{"start":{"line":22,"column":35},"end":{"line":29,"column":1}}},"2":{"name":"(anonymous_2)","decl":{"start":{"line":31,"column":18},"end":{"line":31,"column":19}},"loc":{"start":{"line":31,"column":34},"end":{"line":38,"column":1}}},"3":{"name":"(anonymous_3)","decl":{"start":{"line":40,"column":21},"end":{"line":40,"column":22}},"loc":{"start":{"line":40,"column":37},"end":{"line":48,"column":1}}},"4":{"name":"(anonymous_4)","decl":{"start":{"line":44,"column":11},"end":{"line":44,"column":12}},"loc":{"start":{"line":44,"column":20},"end":{"line":46,"column":3}}}},"branchMap":{"0":{"loc":{"start":{"line":5,"column":2},"end":{"line":7,"column":null}},"type":"if","locations":[{"start":{"line":5,"column":2},"end":{"line":7,"column":null}}]},"1":{"loc":{"start":{"line":5,"column":6},"end":{"line":5,"column":55}},"type":"binary-expr","locations":[{"start":{"line":5,"column":6},"end":{"line":5,"column":29}},{"start":{"line":5,"column":33},"end":{"line":5,"column":55}}]},"2":{"loc":{"start":{"line":11,"column":2},"end":{"line":13,"column":null}},"type":"if","locations":[{"start":{"line":11,"column":2},"end":{"line":13,"column":null}}]},"3":{"loc":{"start":{"line":15,"column":2},"end":{"line":17,"column":null}},"type":"if","locations":[{"start":{"line":15,"column":2},"end":{"line":17,"column":null}}]},"4":{"loc":{"start":{"line":23,"column":2},"end":{"line":23,"column":null}},"type":"if","locations":[{"start":{"line":23,"column":2},"end":{"line":23,"column":null}}]},"5":{"loc":{"start":{"line":24,"column":2},"end":{"line":28,"column":null}},"type":"if","locations":[{"start":{"line":24,"column":2},"end":{"line":28,"column":null}},{"start":{"line":26,"column":9},"end":{"line":28,"column":null}}]},"6":{"loc":{"start":{"line":24,"column":6},"end":{"line":24,"column":56}},"type":"binary-expr","locations":[{"start":{"line":24,"column":6},"end":{"line":24,"column":29}},{"start":{"line":24,"column":33},"end":{"line":24,"column":56}}]},"7":{"loc":{"start":{"line":33,"column":2},"end":{"line":33,"column":null}},"type":"if","locations":[{"start":{"line":33,"column":2},"end":{"line":33,"column":null}}]},"8":{"loc":{"start":{"line":34,"column":2},"end":{"line":35,"column":null}},"type":"if","locations":[{"start":{"line":34,"column":2},"end":{"line":35,"column":null}}]},"9":{"loc":{"start":{"line":34,"column":6},"end":{"line":34,"column":51}},"type":"binary-expr","locations":[{"start":{"line":34,"column":6},"end":{"line":34,"column":16}},{"start":{"line":34,"column":20},"end":{"line":34,"column":51}}]},"10":{"loc":{"start":{"line":36,"column":2},"end":{"line":36,"column":null}},"type":"if","locations":[{"start":{"line":36,"column":2},"end":{"line":36,"column":null}}]}},"s":{"0":1,"1":12,"2":7,"3":3,"4":0,"5":3,"6":3,"7":0,"8":3,"9":0,"10":3,"11":1,"12":1,"13":19,"14":1,"15":18,"16":14,"17":4,"18":1,"19":7,"20":7,"21":0,"22":7,"23":4,"24":3,"25":0,"26":3,"27":1,"28":7,"29":7,"30":7,"31":7,"32":35,"33":7},"f":{"0":12,"1":19,"2":7,"3":7,"4":35},"b":{"0":[0],"1":[3,3],"2":[0],"3":[0],"4":[1],"5":[14,4],"6":[18,16],"7":[0],"8":[4],"9":[7,4],"10":[0]}}
,"C:\\Users\\Mina\\Desktop\\Aubrey\\Missions\\TurnersRestfulAPI\\src\\services\\carService.ts": {"path":"C:\\Users\\Mina\\Desktop\\Aubrey\\Missions\\TurnersRestfulAPI\\src\\services\\carService.ts","statementMap":{"0":{"start":{"line":1,"column":0},"end":{"line":1,"column":56}},"1":{"start":{"line":4,"column":24},"end":{"line":4,"column":76}},"2":{"start":{"line":6,"column":26},"end":{"line":8,"column":1}},"3":{"start":{"line":7,"column":2},"end":{"line":7,"column":null}},"4":{"start":{"line":6,"column":13},"end":{"line":6,"column":26}},"5":{"start":{"line":10,"column":22},"end":{"line":19,"column":1}},"6":{"start":{"line":11,"column":19},"end":{"line":16,"column":null}},"7":{"start":{"line":17,"column":2},"end":{"line":17,"column":null}},"8":{"start":{"line":18,"column":2},"end":{"line":18,"column":null}},"9":{"start":{"line":10,"column":13},"end":{"line":10,"column":22}},"10":{"start":{"line":21,"column":25},"end":{"line":27,"column":1}},"11":{"start":{"line":22,"column":24},"end":{"line":22,"column":62}},"12":{"start":{"line":22,"column":47},"end":{"line":22,"column":61}},"13":{"start":{"line":23,"column":2},"end":{"line":25,"column":null}},"14":{"start":{"line":24,"column":4},"end":{"line":24,"column":null}},"15":{"start":{"line":26,"column":2},"end":{"line":26,"column":null}},"16":{"start":{"line":21,"column":13},"end":{"line":21,"column":25}},"17":{"start":{"line":29,"column":25},"end":{"line":40,"column":1}},"18":{"start":{"line":30,"column":24},"end":{"line":30,"column":62}},"19":{"start":{"line":30,"column":47},"end":{"line":30,"column":61}},"20":{"start":{"line":31,"column":2},"end":{"line":33,"column":null}},"21":{"start":{"line":32,"column":4},"end":{"line":32,"column":null}},"22":{"start":{"line":35,"column":2},"end":{"line":35,"column":null}},"23":{"start":{"line":36,"column":2},"end":{"line":36,"column":null}},"24":{"start":{"line":37,"column":2},"end":{"line":37,"column":null}},"25":{"start":{"line":39,"column":2},"end":{"line":39,"column":null}},"26":{"start":{"line":29,"column":13},"end":{"line":29,"column":25}},"27":{"start":{"line":42,"column":24},"end":{"line":53,"column":1}},"28":{"start":{"line":43,"column":24},"end":{"line":43,"column":62}},"29":{"start":{"line":43,"column":47},"end":{"line":43,"column":61}},"30":{"start":{"line":44,"column":2},"end":{"line":46,"column":null}},"31":{"start":{"line":45,"column":4},"end":{"line":45,"column":null}},"32":{"start":{"line":48,"column":2},"end":{"line":48,"column":null}},"33":{"start":{"line":49,"column":2},"end":{"line":49,"column":null}},"34":{"start":{"line":50,"column":2},"end":{"line":50,"column":null}},"35":{"start":{"line":52,"column":2},"end":{"line":52,"column":null}},"36":{"start":{"line":42,"column":13},"end":{"line":42,"column":24}},"37":{"start":{"line":55,"column":25},"end":{"line":62,"column":1}},"38":{"start":{"line":56,"column":24},"end":{"line":56,"column":62}},"39":{"start":{"line":56,"column":47},"end":{"line":56,"column":61}},"40":{"start":{"line":57,"column":2},"end":{"line":59,"column":null}},"41":{"start":{"line":58,"column":4},"end":{"line":58,"column":null}},"42":{"start":{"line":60,"column":2},"end":{"line":60,"column":null}},"43":{"start":{"line":60,"column":40},"end":{"line":60,"column":54}},"44":{"start":{"line":61,"column":2},"end":{"line":61,"column":null}},"45":{"start":{"line":55,"column":13},"end":{"line":55,"column":25}}},"fnMap":{"0":{"name":"(anonymous_0)","decl":{"start":{"line":6,"column":26},"end":{"line":6,"column":29}},"loc":{"start":{"line":6,"column":31},"end":{"line":8,"column":1}}},"1":{"name":"(anonymous_1)","decl":{"start":{"line":10,"column":22},"end":{"line":10,"column":23}},"loc":{"start":{"line":10,"column":42},"end":{"line":19,"column":1}}},"2":{"name":"(anonymous_2)","decl":{"start":{"line":21,"column":25},"end":{"line":21,"column":26}},"loc":{"start":{"line":21,"column":43},"end":{"line":27,"column":1}}},"3":{"name":"(anonymous_3)","decl":{"start":{"line":22,"column":40},"end":{"line":22,"column":41}},"loc":{"start":{"line":22,"column":47},"end":{"line":22,"column":61}}},"4":{"name":"(anonymous_4)","decl":{"start":{"line":29,"column":25},"end":{"line":29,"column":26}},"loc":{"start":{"line":29,"column":60},"end":{"line":40,"column":1}}},"5":{"name":"(anonymous_5)","decl":{"start":{"line":30,"column":40},"end":{"line":30,"column":41}},"loc":{"start":{"line":30,"column":47},"end":{"line":30,"column":61}}},"6":{"name":"(anonymous_6)","decl":{"start":{"line":42,"column":24},"end":{"line":42,"column":25}},"loc":{"start":{"line":42,"column":71},"end":{"line":53,"column":1}}},"7":{"name":"(anonymous_7)","decl":{"start":{"line":43,"column":40},"end":{"line":43,"column":41}},"loc":{"start":{"line":43,"column":47},"end":{"line":43,"column":61}}},"8":{"name":"(anonymous_8)","decl":{"start":{"line":55,"column":25},"end":{"line":55,"column":26}},"loc":{"start":{"line":55,"column":43},"end":{"line":62,"column":1}}},"9":{"name":"(anonymous_9)","decl":{"start":{"line":56,"column":40},"end":{"line":56,"column":41}},"loc":{"start":{"line":56,"column":47},"end":{"line":56,"column":61}}},"10":{"name":"(anonymous_10)","decl":{"start":{"line":60,"column":33},"end":{"line":60,"column":34}},"loc":{"start":{"line":60,"column":40},"end":{"line":60,"column":54}}}},"branchMap":{"0":{"loc":{"start":{"line":23,"column":2},"end":{"line":25,"column":null}},"type":"if","locations":[{"start":{"line":23,"column":2},"end":{"line":25,"column":null}}]},"1":{"loc":{"start":{"line":31,"column":2},"end":{"line":33,"column":null}},"type":"if","locations":[{"start":{"line":31,"column":2},"end":{"line":33,"column":null}}]},"2":{"loc":{"start":{"line":44,"column":2},"end":{"line":46,"column":null}},"type":"if","locations":[{"start":{"line":44,"column":2},"end":{"line":46,"column":null}}]},"3":{"loc":{"start":{"line":48,"column":24},"end":{"line":48,"column":52}},"type":"cond-expr","locations":[{"start":{"line":48,"column":24},"end":{"line":48,"column":29}},{"start":{"line":48,"column":33},"end":{"line":48,"column":52}}]},"4":{"loc":{"start":{"line":48,"column":24},"end":{"line":48,"column":33}},"type":"binary-expr","locations":[{"start":{"line":48,"column":24},"end":{"line":48,"column":33}},{"start":{"line":48,"column":24},"end":{"line":48,"column":33}}]},"5":{"loc":{"start":{"line":49,"column":23},"end":{"line":49,"column":49}},"type":"cond-expr","locations":[{"start":{"line":49,"column":23},"end":{"line":49,"column":27}},{"start":{"line":49,"column":31},"end":{"line":49,"column":49}}]},"6":{"loc":{"start":{"line":49,"column":23},"end":{"line":49,"column":31}},"type":"binary-expr","locations":[{"start":{"line":49,"column":23},"end":{"line":49,"column":31}},{"start":{"line":49,"column":23},"end":{"line":49,"column":31}}]},"7":{"loc":{"start":{"line":57,"column":2},"end":{"line":59,"column":null}},"type":"if","locations":[{"start":{"line":57,"column":2},"end":{"line":59,"column":null}}]}},"s":{"0":1,"1":1,"2":1,"3":1,"4":1,"5":1,"6":10,"7":1,"8":1,"9":1,"10":1,"11":2,"12":3,"13":2,"14":1,"15":1,"16":1,"17":1,"18":2,"19":4,"20":2,"21":1,"22":1,"23":1,"24":1,"25":1,"26":1,"27":1,"28":2,"29":4,"30":2,"31":1,"32":1,"33":1,"34":1,"35":1,"36":1,"37":1,"38":2,"39":3,"40":2,"41":1,"42":1,"43":2,"44":1,"45":1},"f":{"0":1,"1":10,"2":2,"3":3,"4":2,"5":4,"6":2,"7":4,"8":2,"9":3,"10":2},"b":{"0":[1],"1":[1],"2":[1],"3":[1,0],"4":[1,1],"5":[1,0],"6":[1,1],"7":[1]}}
}
