TN:
SF:build\functions\carFunctions.js
FN:4,(anonymous_0)
FN:20,(anonymous_1)
FN:30,(anonymous_2)
FN:40,(anonymous_3)
FN:44,(anonymous_4)
FNF:5
FNH:5
FNDA:12,(anonymous_0)
FNDA:19,(anonymous_1)
FNDA:7,(anonymous_2)
FNDA:7,(anonymous_3)
FNDA:35,(anonymous_4)
DA:2,1
DA:3,1
DA:4,1
DA:5,12
DA:6,7
DA:7,3
DA:8,0
DA:10,3
DA:11,3
DA:12,0
DA:14,3
DA:15,0
DA:17,3
DA:19,1
DA:20,1
DA:21,19
DA:22,1
DA:23,18
DA:24,14
DA:27,4
DA:30,1
DA:31,7
DA:32,7
DA:33,0
DA:34,7
DA:35,4
DA:36,3
DA:37,0
DA:38,3
DA:40,1
DA:41,7
DA:42,7
DA:43,7
DA:44,7
DA:45,35
DA:47,7
LF:36
LH:31
BRDA:7,0,0,0
BRDA:7,0,1,3
BRDA:7,1,0,3
BRDA:7,1,1,3
BRDA:11,2,0,0
BRDA:11,2,1,3
BRDA:14,3,0,0
BRDA:14,3,1,3
BRDA:21,4,0,1
BRDA:21,4,1,18
BRDA:23,5,0,14
BRDA:23,5,1,4
BRDA:23,6,0,18
BRDA:23,6,1,16
BRDA:32,7,0,0
BRDA:32,7,1,7
BRDA:34,8,0,4
BRDA:34,8,1,3
BRDA:34,9,0,7
BRDA:34,9,1,4
BRDA:36,10,0,0
BRDA:36,10,1,3
BRF:22
BRH:17
end_of_record
TN:
SF:build\services\carService.js
FN:6,(anonymous_0)
FN:10,(anonymous_1)
FN:21,(anonymous_2)
FN:22,(anonymous_3)
FN:29,(anonymous_4)
FN:30,(anonymous_5)
FN:40,(anonymous_6)
FN:41,(anonymous_7)
FN:51,(anonymous_8)
FN:52,(anonymous_9)
FN:56,(anonymous_10)
FNF:11
FNH:11
FNDA:1,(anonymous_0)
FNDA:10,(anonymous_1)
FNDA:2,(anonymous_2)
FNDA:3,(anonymous_3)
FNDA:2,(anonymous_4)
FNDA:4,(anonymous_5)
FNDA:2,(anonymous_6)
FNDA:4,(anonymous_7)
FNDA:2,(anonymous_8)
FNDA:3,(anonymous_9)
FNDA:2,(anonymous_10)
DA:2,1
DA:3,1
DA:4,1
DA:5,1
DA:6,1
DA:7,1
DA:9,1
DA:10,1
DA:11,10
DA:17,1
DA:18,1
DA:20,1
DA:21,1
DA:22,3
DA:23,2
DA:24,1
DA:26,1
DA:28,1
DA:29,1
DA:30,4
DA:31,2
DA:32,1
DA:34,1
DA:35,1
DA:36,1
DA:37,1
DA:39,1
DA:40,1
DA:41,4
DA:42,2
DA:43,1
DA:45,1
DA:46,1
DA:47,1
DA:48,1
DA:50,1
DA:51,1
DA:52,3
DA:53,2
DA:54,1
DA:56,2
DA:57,1
DA:59,1
LF:43
LH:43
BRDA:23,0,0,1
BRDA:23,0,1,1
BRDA:31,1,0,1
BRDA:31,1,1,1
BRDA:42,2,0,1
BRDA:42,2,1,1
BRDA:45,3,0,1
BRDA:45,3,1,0
BRDA:45,4,0,1
BRDA:45,4,1,1
BRDA:46,5,0,1
BRDA:46,5,1,0
BRDA:46,6,0,1
BRDA:46,6,1,1
BRDA:53,7,0,1
BRDA:53,7,1,1
BRF:16
BRH:14
end_of_record
TN:
SF:src\functions\carFunctions.ts
FN:1,(anonymous_0)
FN:22,(anonymous_1)
FN:31,(anonymous_2)
FN:40,(anonymous_3)
FN:44,(anonymous_4)
FNF:5
FNH:5
FNDA:12,(anonymous_0)
FNDA:19,(anonymous_1)
FNDA:7,(anonymous_2)
FNDA:7,(anonymous_3)
FNDA:35,(anonymous_4)
DA:1,1
DA:2,12
DA:3,7
DA:5,3
DA:6,0
DA:9,3
DA:11,3
DA:12,0
DA:15,3
DA:16,0
DA:19,3
DA:22,1
DA:23,19
DA:24,18
DA:25,14
DA:27,4
DA:31,1
DA:32,7
DA:33,7
DA:34,7
DA:35,4
DA:36,3
DA:37,3
DA:40,1
DA:41,7
DA:42,7
DA:43,7
DA:44,7
DA:45,35
DA:47,7
LF:30
LH:27
BRDA:5,0,0,0
BRDA:5,1,0,3
BRDA:5,1,1,3
BRDA:11,2,0,0
BRDA:15,3,0,0
BRDA:23,4,0,1
BRDA:24,5,0,14
BRDA:24,5,1,4
BRDA:24,6,0,18
BRDA:24,6,1,16
BRDA:33,7,0,0
BRDA:34,8,0,4
BRDA:34,9,0,7
BRDA:34,9,1,4
BRDA:36,10,0,0
BRF:15
BRH:10
end_of_record
TN:
SF:src\services\carService.ts
FN:6,(anonymous_0)
FN:10,(anonymous_1)
FN:21,(anonymous_2)
FN:22,(anonymous_3)
FN:29,(anonymous_4)
FN:30,(anonymous_5)
FN:42,(anonymous_6)
FN:43,(anonymous_7)
FN:55,(anonymous_8)
FN:56,(anonymous_9)
FN:60,(anonymous_10)
FNF:11
FNH:11
FNDA:1,(anonymous_0)
FNDA:10,(anonymous_1)
FNDA:2,(anonymous_2)
FNDA:3,(anonymous_3)
FNDA:2,(anonymous_4)
FNDA:4,(anonymous_5)
FNDA:2,(anonymous_6)
FNDA:4,(anonymous_7)
FNDA:2,(anonymous_8)
FNDA:3,(anonymous_9)
FNDA:2,(anonymous_10)
DA:1,1
DA:4,1
DA:6,1
DA:7,1
DA:10,1
DA:11,10
DA:17,1
DA:18,1
DA:21,1
DA:22,3
DA:23,2
DA:24,1
DA:26,1
DA:29,1
DA:30,4
DA:31,2
DA:32,1
DA:35,1
DA:36,1
DA:37,1
DA:39,1
DA:42,1
DA:43,4
DA:44,2
DA:45,1
DA:48,1
DA:49,1
DA:50,1
DA:52,1
DA:55,1
DA:56,3
DA:57,2
DA:58,1
DA:60,2
DA:61,1
LF:35
LH:35
BRDA:23,0,0,1
BRDA:31,1,0,1
BRDA:44,2,0,1
BRDA:48,3,0,1
BRDA:48,3,1,0
BRDA:48,4,0,1
BRDA:48,4,1,1
BRDA:49,5,0,1
BRDA:49,5,1,0
BRDA:49,6,0,1
BRDA:49,6,1,1
BRDA:57,7,0,1
BRF:12
BRH:10
end_of_record
