TN:
SF:build\functions\carFunctions.js
FN:4,(anonymous_0)
FN:15,(anonymous_1)
FN:26,(anonymous_2)
FN:30,(anonymous_3)
FN:36,(anonymous_4)
FNF:5
FNH:5
FNDA:19,(anonymous_0)
FNDA:7,(anonymous_1)
FNDA:7,(anonymous_2)
FNDA:35,(anonymous_3)
FNDA:12,(anonymous_4)
DA:2,1
DA:3,1
DA:4,1
DA:5,19
DA:6,1
DA:7,18
DA:8,14
DA:11,4
DA:14,1
DA:15,1
DA:16,7
DA:17,7
DA:18,0
DA:19,7
DA:20,4
DA:21,3
DA:22,0
DA:23,3
DA:25,1
DA:26,1
DA:27,7
DA:28,7
DA:29,7
DA:30,7
DA:31,35
DA:33,7
DA:35,1
DA:36,1
DA:37,12
DA:38,7
DA:39,3
DA:40,0
DA:42,3
DA:43,3
DA:44,0
DA:46,3
DA:47,0
DA:49,3
DA:51,1
LF:39
LH:34
BRDA:5,0,0,1
BRDA:5,0,1,18
BRDA:7,1,0,14
BRDA:7,1,1,4
BRDA:7,2,0,18
BRDA:7,2,1,16
BRDA:17,3,0,0
BRDA:17,3,1,7
BRDA:19,4,0,4
BRDA:19,4,1,3
BRDA:19,5,0,7
BRDA:19,5,1,4
BRDA:21,6,0,0
BRDA:21,6,1,3
BRDA:39,7,0,0
BRDA:39,7,1,3
BRDA:39,8,0,3
BRDA:39,8,1,3
BRDA:43,9,0,0
BRDA:43,9,1,3
BRDA:46,10,0,0
BRDA:46,10,1,3
BRF:22
BRH:17
end_of_record
TN:
SF:build\services\carService.js
FN:6,(anonymous_0)
FN:10,(anonymous_1)
FN:21,(anonymous_2)
FN:22,(anonymous_3)
FN:29,(anonymous_4)
FN:30,(anonymous_5)
FN:40,(anonymous_6)
FN:41,(anonymous_7)
FN:51,(anonymous_8)
FN:52,(anonymous_9)
FN:56,(anonymous_10)
FNF:11
FNH:9
FNDA:1,(anonymous_0)
FNDA:10,(anonymous_1)
FNDA:0,(anonymous_2)
FNDA:0,(anonymous_3)
FNDA:1,(anonymous_4)
FNDA:2,(anonymous_5)
FNDA:1,(anonymous_6)
FNDA:2,(anonymous_7)
FNDA:1,(anonymous_8)
FNDA:2,(anonymous_9)
FNDA:2,(anonymous_10)
DA:2,1
DA:3,1
DA:4,1
DA:5,1
DA:6,1
DA:7,1
DA:9,1
DA:10,1
DA:11,10
DA:17,1
DA:18,1
DA:20,1
DA:21,1
DA:22,0
DA:23,0
DA:24,0
DA:26,0
DA:28,1
DA:29,1
DA:30,2
DA:31,1
DA:32,0
DA:34,1
DA:35,1
DA:36,1
DA:37,1
DA:39,1
DA:40,1
DA:41,2
DA:42,1
DA:43,0
DA:45,1
DA:46,1
DA:47,1
DA:48,1
DA:50,1
DA:51,1
DA:52,2
DA:53,1
DA:54,0
DA:56,2
DA:57,1
DA:59,1
LF:43
LH:36
BRDA:23,0,0,0
BRDA:23,0,1,0
BRDA:31,1,0,0
BRDA:31,1,1,1
BRDA:42,2,0,0
BRDA:42,2,1,1
BRDA:45,3,0,1
BRDA:45,3,1,0
BRDA:45,4,0,1
BRDA:45,4,1,1
BRDA:46,5,0,1
BRDA:46,5,1,0
BRDA:46,6,0,1
BRDA:46,6,1,1
BRDA:53,7,0,0
BRDA:53,7,1,1
BRF:16
BRH:9
end_of_record
TN:
SF:src\functions\carFunctions.ts
FN:1,(anonymous_0)
FN:10,(anonymous_1)
FN:19,(anonymous_2)
FN:23,(anonymous_3)
FN:29,(anonymous_4)
FNF:5
FNH:5
FNDA:19,(anonymous_0)
FNDA:7,(anonymous_1)
FNDA:7,(anonymous_2)
FNDA:35,(anonymous_3)
FNDA:12,(anonymous_4)
DA:1,1
DA:2,19
DA:3,18
DA:4,14
DA:6,4
DA:10,1
DA:11,7
DA:12,7
DA:13,7
DA:14,4
DA:15,3
DA:16,3
DA:19,1
DA:20,7
DA:21,7
DA:22,7
DA:23,7
DA:24,35
DA:26,7
DA:29,1
DA:30,12
DA:31,7
DA:33,3
DA:34,0
DA:37,3
DA:39,3
DA:40,0
DA:43,3
DA:44,0
DA:47,3
LF:30
LH:27
BRDA:2,0,0,1
BRDA:3,1,0,14
BRDA:3,1,1,4
BRDA:3,2,0,18
BRDA:3,2,1,16
BRDA:12,3,0,0
BRDA:13,4,0,4
BRDA:13,5,0,7
BRDA:13,5,1,4
BRDA:15,6,0,0
BRDA:33,7,0,0
BRDA:33,8,0,3
BRDA:33,8,1,3
BRDA:39,9,0,0
BRDA:43,10,0,0
BRF:15
BRH:10
end_of_record
TN:
SF:src\services\carService.ts
FN:6,(anonymous_0)
FN:10,(anonymous_1)
FN:21,(anonymous_2)
FN:22,(anonymous_3)
FN:29,(anonymous_4)
FN:30,(anonymous_5)
FN:42,(anonymous_6)
FN:43,(anonymous_7)
FN:55,(anonymous_8)
FN:56,(anonymous_9)
FN:60,(anonymous_10)
FNF:11
FNH:9
FNDA:1,(anonymous_0)
FNDA:10,(anonymous_1)
FNDA:0,(anonymous_2)
FNDA:0,(anonymous_3)
FNDA:1,(anonymous_4)
FNDA:2,(anonymous_5)
FNDA:1,(anonymous_6)
FNDA:2,(anonymous_7)
FNDA:1,(anonymous_8)
FNDA:2,(anonymous_9)
FNDA:2,(anonymous_10)
DA:1,1
DA:4,1
DA:6,1
DA:7,1
DA:10,1
DA:11,10
DA:17,1
DA:18,1
DA:21,1
DA:22,0
DA:23,0
DA:24,0
DA:26,0
DA:29,1
DA:30,2
DA:31,1
DA:32,0
DA:35,1
DA:36,1
DA:37,1
DA:39,1
DA:42,1
DA:43,2
DA:44,1
DA:45,0
DA:48,1
DA:49,1
DA:50,1
DA:52,1
DA:55,1
DA:56,2
DA:57,1
DA:58,0
DA:60,2
DA:61,1
LF:35
LH:28
BRDA:23,0,0,0
BRDA:31,1,0,0
BRDA:44,2,0,0
BRDA:48,3,0,1
BRDA:48,3,1,0
BRDA:48,4,0,1
BRDA:48,4,1,1
BRDA:49,5,0,1
BRDA:49,5,1,0
BRDA:49,6,0,1
BRDA:49,6,1,1
BRDA:57,7,0,0
BRF:12
BRH:6
end_of_record
